# JRE version: OpenJDK Runtime Environment (8.0_242-b01) (build 1.8.0_242-release-1644-b01)
# Java VM: OpenJDK 64-Bit Server VM (25.242-b01 mixed mode windows-amd64 compressed oops)
Heap:
 PSYoungGen      total 596480K, used 223875K [0x00000000d5580000, 0x0000000100000000, 0x0000000100000000)
  eden space 550400K, 32% used [0x00000000d5580000,0x00000000e0322ef8,0x00000000f6f00000)
  from space 46080K, 99% used [0x00000000fd300000,0x00000000ffffe010,0x0000000100000000)
  to   space 74240K, 0% used [0x00000000f6f00000,0x00000000f6f00000,0x00000000fb780000)
 ParOldGen       total 292352K, used 102162K [0x0000000080000000, 0x0000000091d80000, 0x00000000d5580000)
  object space 292352K, 34% used [0x0000000080000000,0x00000000863c4a58,0x0000000091d80000)
 Metaspace       used 116370K, capacity 123042K, committed 123288K, reserved 1157120K
  class space    used 15040K, capacity 16296K, committed 16304K, reserved 1048576K
GC Heap History (10 events):
Event: 238.184 GC heap before
{Heap before GC invocations=26 (full 3):
 PSYoungGen      total 655360K, used 25983K [0x00000000d5580000, 0x00000000ffe80000, 0x0000000100000000)
  eden space 614400K, 2% used [0x00000000d5580000,0x00000000d622de70,0x00000000fad80000)
  from space 40960K, 31% used [0x00000000fd680000,0x00000000fe331db8,0x00000000ffe80000)
  to   space 41472K, 0% used [0x00000000fad80000,0x00000000fad80000,0x00000000fd600000)
 ParOldGen       total 208384K, used 152171K [0x0000000080000000, 0x000000008cb80000, 0x00000000d5580000)
  object space 208384K, 73% used [0x0000000080000000,0x000000008949aee8,0x000000008cb80000)
 Metaspace       used 92019K, capacity 98432K, committed 98600K, reserved 1134592K
  class space    used 12261K, capacity 13375K, committed 13488K, reserved 1048576K
Event: 238.190 GC heap after
Heap after GC invocations=26 (full 3):
 PSYoungGen      total 655872K, used 6054K [0x00000000d5580000, 0x00000000fff80000, 0x0000000100000000)
  eden space 614400K, 0% used [0x00000000d5580000,0x00000000d5580000,0x00000000fad80000)
  from space 41472K, 14% used [0x00000000fad80000,0x00000000fb369be0,0x00000000fd600000)
  to   space 40960K, 0% used [0x00000000fd780000,0x00000000fd780000,0x00000000fff80000)
 ParOldGen       total 208384K, used 152179K [0x0000000080000000, 0x000000008cb80000, 0x00000000d5580000)
  object space 208384K, 73% used [0x0000000080000000,0x000000008949cee8,0x000000008cb80000)
 Metaspace       used 92019K, capacity 98432K, committed 98600K, reserved 1134592K
  class space    used 12261K, capacity 13375K, committed 13488K, reserved 1048576K
}
Event: 238.190 GC heap before
{Heap before GC invocations=27 (full 4):
 PSYoungGen      total 655872K, used 6054K [0x00000000d5580000, 0x00000000fff80000, 0x0000000100000000)
  eden space 614400K, 0% used [0x00000000d5580000,0x00000000d5580000,0x00000000fad80000)
  from space 41472K, 14% used [0x00000000fad80000,0x00000000fb369be0,0x00000000fd600000)
  to   space 40960K, 0% used [0x00000000fd780000,0x00000000fd780000,0x00000000fff80000)
 ParOldGen       total 208384K, used 152179K [0x0000000080000000, 0x000000008cb80000, 0x00000000d5580000)
  object space 208384K, 73% used [0x0000000080000000,0x000000008949cee8,0x000000008cb80000)
 Metaspace       used 92019K, capacity 98432K, committed 98600K, reserved 1134592K
  class space    used 12261K, capacity 13375K, committed 13488K, reserved 1048576K
Event: 238.354 GC heap after
Heap after GC invocations=27 (full 4):
 PSYoungGen      total 655872K, used 0K [0x00000000d5580000, 0x00000000fff80000, 0x0000000100000000)
  eden space 614400K, 0% used [0x00000000d5580000,0x00000000d5580000,0x00000000fad80000)
  from space 41472K, 0% used [0x00000000fad80000,0x00000000fad80000,0x00000000fd600000)
  to   space 40960K, 0% used [0x00000000fd780000,0x00000000fd780000,0x00000000fff80000)
 ParOldGen       total 292352K, used 61528K [0x0000000080000000, 0x0000000091d80000, 0x00000000d5580000)
  object space 292352K, 21% used [0x0000000080000000,0x0000000083c16138,0x0000000091d80000)
 Metaspace       used 91129K, capacity 96048K, committed 98600K, reserved 1134592K
  class space    used 11954K, capacity 12835K, committed 13488K, reserved 1048576K
}
Event: 449.207 GC heap before
{Heap before GC invocations=28 (full 4):
 PSYoungGen      total 655872K, used 614400K [0x00000000d5580000, 0x00000000fff80000, 0x0000000100000000)
  eden space 614400K, 100% used [0x00000000d5580000,0x00000000fad80000,0x00000000fad80000)
  from space 41472K, 0% used [0x00000000fad80000,0x00000000fad80000,0x00000000fd600000)
  to   space 40960K, 0% used [0x00000000fd780000,0x00000000fd780000,0x00000000fff80000)
 ParOldGen       total 292352K, used 61528K [0x0000000080000000, 0x0000000091d80000, 0x00000000d5580000)
  object space 292352K, 21% used [0x0000000080000000,0x0000000083c16138,0x0000000091d80000)
 Metaspace       used 109585K, capacity 115950K, committed 116248K, reserved 1150976K
  class space    used 14290K, capacity 15500K, committed 15664K, reserved 1048576K
Event: 449.232 GC heap after
Heap after GC invocations=28 (full 4):
 PSYoungGen      total 647680K, used 37311K [0x00000000d5580000, 0x0000000100000000, 0x0000000100000000)
  eden space 606720K, 0% used [0x00000000d5580000,0x00000000d5580000,0x00000000fa600000)
  from space 40960K, 91% used [0x00000000fd780000,0x00000000ffbefc90,0x00000000fff80000)
  to   space 46080K, 0% used [0x00000000fa600000,0x00000000fa600000,0x00000000fd300000)
 ParOldGen       total 292352K, used 61544K [0x0000000080000000, 0x0000000091d80000, 0x00000000d5580000)
  object space 292352K, 21% used [0x0000000080000000,0x0000000083c1a138,0x0000000091d80000)
 Metaspace       used 109585K, capacity 115950K, committed 116248K, reserved 1150976K
  class space    used 14290K, capacity 15500K, committed 15664K, reserved 1048576K
}
Event: 452.624 GC heap before
{Heap before GC invocations=29 (full 4):
 PSYoungGen      total 647680K, used 644031K [0x00000000d5580000, 0x0000000100000000, 0x0000000100000000)
  eden space 606720K, 100% used [0x00000000d5580000,0x00000000fa600000,0x00000000fa600000)
  from space 40960K, 91% used [0x00000000fd780000,0x00000000ffbefc90,0x00000000fff80000)
  to   space 46080K, 0% used [0x00000000fa600000,0x00000000fa600000,0x00000000fd300000)
 ParOldGen       total 292352K, used 61544K [0x0000000080000000, 0x0000000091d80000, 0x00000000d5580000)
  object space 292352K, 21% used [0x0000000080000000,0x0000000083c1a138,0x0000000091d80000)
 Metaspace       used 115246K, capacity 121940K, committed 122136K, reserved 1155072K
  class space    used 14894K, capacity 16155K, committed 16176K, reserved 1048576K
Event: 452.662 GC heap after
Heap after GC invocations=29 (full 4):
 PSYoungGen      total 652800K, used 45933K [0x00000000d5580000, 0x0000000100000000, 0x0000000100000000)
  eden space 606720K, 0% used [0x00000000d5580000,0x00000000d5580000,0x00000000fa600000)
  from space 46080K, 99% used [0x00000000fa600000,0x00000000fd2db688,0x00000000fd300000)
  to   space 46080K, 0% used [0x00000000fd300000,0x00000000fd300000,0x0000000100000000)
 ParOldGen       total 292352K, used 61552K [0x0000000080000000, 0x0000000091d80000, 0x00000000d5580000)
  object space 292352K, 21% used [0x0000000080000000,0x0000000083c1c138,0x0000000091d80000)
 Metaspace       used 115246K, capacity 121940K, committed 122136K, reserved 1155072K
  class space    used 14894K, capacity 16155K, committed 16176K, reserved 1048576K
}
Event: 455.289 GC heap before
{Heap before GC invocations=30 (full 4):
 PSYoungGen      total 652800K, used 652653K [0x00000000d5580000, 0x0000000100000000, 0x0000000100000000)
  eden space 606720K, 100% used [0x00000000d5580000,0x00000000fa600000,0x00000000fa600000)
  from space 46080K, 99% used [0x00000000fa600000,0x00000000fd2db688,0x00000000fd300000)
  to   space 46080K, 0% used [0x00000000fd300000,0x00000000fd300000,0x0000000100000000)
 ParOldGen       total 292352K, used 61552K [0x0000000080000000, 0x0000000091d80000, 0x00000000d5580000)
  object space 292352K, 21% used [0x0000000080000000,0x0000000083c1c138,0x0000000091d80000)
 Metaspace       used 115447K, capacity 122154K, committed 122264K, reserved 1155072K
  class space    used 14907K, capacity 16196K, committed 16304K, reserved 1048576K
Event: 455.394 GC heap after
Heap after GC invocations=30 (full 4):
 PSYoungGen      total 596480K, used 46072K [0x00000000d5580000, 0x0000000100000000, 0x0000000100000000)
  eden space 550400K, 0% used [0x00000000d5580000,0x00000000d5580000,0x00000000f6f00000)
  from space 46080K, 99% used [0x00000000fd300000,0x00000000ffffe010,0x0000000100000000)
  to   space 74240K, 0% used [0x00000000f6f00000,0x00000000f6f00000,0x00000000fb780000)
 ParOldGen       total 292352K, used 102162K [0x0000000080000000, 0x0000000091d80000, 0x00000000d5580000)
  object space 292352K, 34% used [0x0000000080000000,0x00000000863c4a58,0x0000000091d80000)
 Metaspace       used 115447K, capacity 122154K, committed 122264K, reserved 1155072K
  class space    used 14907K, capacity 16196K, committed 16304K, reserved 1048576K
}

